<?xml version="1.0" encoding="UTF-8"?>
<testng-results skipped="0" failed="0" ignored="0" total="1" passed="1">
  <reporter-output>
  </reporter-output>
  <suite name="nopCommerce" duration-ms="24260" started-at="2021-06-11T07:44:54Z" finished-at="2021-06-11T07:45:18Z">
    <groups>
    </groups>
    <test name="nopCommerce Test1" duration-ms="24260" started-at="2021-06-11T07:44:54Z" finished-at="2021-06-11T07:45:18Z">
      <class name="com.nopcommerce.testCases.TC_LoginTest_001">
        <test-method status="PASS" signature="setup(java.lang.String)[pri:0, instance:com.nopcommerce.testCases.TC_LoginTest_001@511baa65]" name="setup" is-config="true" duration-ms="3423" started-at="2021-06-11T07:44:54Z" finished-at="2021-06-11T07:44:57Z">
          <params>
            <param index="0">
              <value>
                <![CDATA[chrome]]>
              </value>
            </param>
          </params>
          <reporter-output>
          </reporter-output>
        </test-method> <!-- setup -->
        <test-method status="PASS" signature="loginTest()[pri:0, instance:com.nopcommerce.testCases.TC_LoginTest_001@511baa65]" name="loginTest" duration-ms="20386" started-at="2021-06-11T07:44:57Z" finished-at="2021-06-11T07:45:18Z">
          <reporter-output>
          </reporter-output>
        </test-method> <!-- loginTest -->
        <test-method status="PASS" signature="tearDown()[pri:0, instance:com.nopcommerce.testCases.TC_LoginTest_001@511baa65]" name="tearDown" is-config="true" duration-ms="102" started-at="2021-06-11T07:45:18Z" finished-at="2021-06-11T07:45:18Z">
          <reporter-output>
          </reporter-output>
        </test-method> <!-- tearDown -->
      </class> <!-- com.nopcommerce.testCases.TC_LoginTest_001 -->
    </test> <!-- nopCommerce Test1 -->
  </suite> <!-- nopCommerce -->
</testng-results>
