<?xml version="1.0" encoding="UTF-8"?>
<testng-results skipped="0" failed="0" total="1" passed="1">
  <reporter-output>
  </reporter-output>
  <suite name="nopCommerce" duration-ms="49427" started-at="2021-06-11T11:04:30Z" finished-at="2021-06-11T11:05:19Z">
    <groups>
    </groups>
    <test name="nopCommerce Test1" duration-ms="49427" started-at="2021-06-11T11:04:30Z" finished-at="2021-06-11T11:05:19Z">
      <class name="com.nopcommerce.testCases.TC_LoginTest_001">
        <test-method status="PASS" signature="setup(java.lang.String)[pri:0, instance:com.nopcommerce.testCases.TC_LoginTest_001@4c203ea1]" name="setup" is-config="true" duration-ms="19303" started-at="2021-06-11T16:34:31Z" finished-at="2021-06-11T16:34:50Z">
          <params>
            <param index="0">
              <value>
                <![CDATA[chrome]]>
              </value>
            </param>
          </params>
          <reporter-output>
          </reporter-output>
        </test-method> <!-- setup -->
        <test-method status="PASS" signature="loginTest()[pri:0, instance:com.nopcommerce.testCases.TC_LoginTest_001@4c203ea1]" name="loginTest" duration-ms="29141" started-at="2021-06-11T16:34:50Z" finished-at="2021-06-11T16:35:19Z">
          <reporter-output>
          </reporter-output>
        </test-method> <!-- loginTest -->
        <test-method status="PASS" signature="tearDown()[pri:0, instance:com.nopcommerce.testCases.TC_LoginTest_001@4c203ea1]" name="tearDown" is-config="true" duration-ms="165" started-at="2021-06-11T16:35:19Z" finished-at="2021-06-11T16:35:19Z">
          <reporter-output>
          </reporter-output>
        </test-method> <!-- tearDown -->
      </class> <!-- com.nopcommerce.testCases.TC_LoginTest_001 -->
    </test> <!-- nopCommerce Test1 -->
  </suite> <!-- nopCommerce -->
</testng-results>
